SF:lib\data\data_source\product_remote_datasource_impl.dart
DA:12,1
DA:14,1
DA:17,2
DA:19,1
DA:20,4
DA:21,1
DA:22,1
LF:7
LH:7
end_of_record
SF:lib\domain\response\product_response.dart
DA:6,1
LF:1
LH:1
end_of_record
SF:lib\domain\entities\product\product_entity.dart
DA:9,0
DA:26,1
DA:35,0
DA:36,0
LF:4
LH:1
end_of_record
SF:lib\data\data_source\clients\http_clients.dart
DA:13,0
DA:15,0
DA:16,0
DA:17,0
DA:19,0
DA:20,0
DA:21,0
DA:22,0
DA:25,0
DA:26,0
DA:27,0
DA:28,0
DA:29,0
DA:31,0
DA:33,0
DA:34,0
LF:16
LH:0
end_of_record
SF:lib\domain\entities\product\user.dart
DA:7,0
LF:1
LH:0
end_of_record
SF:lib\data\models\product\product_model.dart
DA:33,1
DA:41,1
DA:50,0
DA:51,0
DA:54,2
DA:55,0
DA:56,0
DA:57,0
DA:58,2
LF:9
LH:4
end_of_record
SF:lib\data\models\product\product_model.g.dart
DA:9,2
DA:10,1
DA:11,1
DA:12,2
DA:13,1
DA:14,1
DA:15,1
DA:16,1
DA:19,0
DA:20,0
DA:21,0
DA:22,0
DA:23,0
DA:24,0
DA:25,0
DA:26,0
DA:27,0
LF:17
LH:8
end_of_record
SF:lib\data\models\product\product_mapper.dart
DA:4,0
DA:5,0
DA:6,0
DA:7,0
DA:8,0
DA:9,0
DA:10,0
DA:11,0
DA:12,0
DA:16,1
DA:17,1
DA:18,1
DA:19,1
DA:20,1
DA:21,1
DA:22,1
DA:23,1
DA:24,1
LF:18
LH:9
end_of_record
